14:19:09.000000 Starting up NxOgre using versions:
  -> PhysX SDK   2.6.2
  -> Hardware    None installed or none found.
  -> NxOgre      NxOgre 0.4.RC2 (Compatible: yes)
  -> Ogre        1.3.0 'Eihort'
14:19:09.000000 Started.
14:19:09.000000 Creating scene 'MainScene'.
14:20:55.004073 Scene 'MainScene' (Software) shutting down
  > 16 bodies
  > 16 NxActors
  > 0 controllables
  > 0 fluids
14:20:55.004073 Deleting 'pelvis'.
14:20:55.004073 Deleting 'pelvis_motor_r'.
14:20:55.004073 Deleting 'trochanter_r'.
14:20:55.004073 Deleting 'femur_r'.
14:20:55.004073 Deleting 'tibia_r'.
14:20:55.004073 Deleting 'talus_r'.
14:20:55.004073 Deleting 'metatarsal_r'.
14:20:55.004073 Deleting 'phalangeal_r'.
14:20:55.004073 Deleting 'pelvis_motor_l'.
14:20:55.004073 Deleting 'trochanter_l'.
14:20:55.004073 Deleting 'femur_l'.
14:20:55.004073 Deleting 'tibia_l'.
14:20:55.004073 Deleting 'talus_l'.
14:20:55.004073 Deleting 'metatarsal_l'.
14:20:55.004073 Deleting 'phalangeal_l'.
14:20:55.004073 Deleting 'MainScene.floor'.
14:20:55.004073 Deleted Materials
14:20:55.004073 Deleted Material aliases.
14:20:55.004073 Released Scene.
14:20:56.004073 Shutting down.
14:20:56.004073 Calculated physics for 105.104 seconds.
14:20:56.004073 Goodbye.
