14:19:07: Creating resource group General
14:19:07: Creating resource group Internal
14:19:07: Creating resource group Autodetect
14:19:07: Registering ResourceManager for type Material
14:19:07: Registering ResourceManager for type Mesh
14:19:07: Registering ResourceManager for type Skeleton
14:19:07: MovableObjectFactory for type 'ParticleSystem' registered.
14:19:07: OverlayElementFactory for type Panel registered.
14:19:07: OverlayElementFactory for type BorderPanel registered.
14:19:07: OverlayElementFactory for type TextArea registered.
14:19:07: Registering ResourceManager for type Font
14:19:07: ArchiveFactory for archive type FileSystem registered.
14:19:07: ArchiveFactory for archive type Zip registered.
14:19:07: FreeImage version: 3.9.2
14:19:07: This program uses FreeImage, a free, open source image library supporting all common bitmap formats. See http://freeimage.sourceforge.net for details
14:19:07: Supported formats: bmp,ico,jpg,jif,jpeg,jpe,jng,koa,iff,lbm,mng,pbm,pbm,pcd,pcx,pgm,pgm,png,ppm,ppm,ras,tga,targa,tif,tiff,wap,wbmp,wbm,psd,cut,xbm,xpm,gif,hdr,g3,sgi
14:19:07: DDS codec registering
14:19:07: Registering ResourceManager for type HighLevelGpuProgram
14:19:07: Registering ResourceManager for type Compositor
14:19:07: MovableObjectFactory for type 'Entity' registered.
14:19:07: MovableObjectFactory for type 'Light' registered.
14:19:07: MovableObjectFactory for type 'BillboardSet' registered.
14:19:07: MovableObjectFactory for type 'ManualObject' registered.
14:19:07: MovableObjectFactory for type 'BillboardChain' registered.
14:19:07: MovableObjectFactory for type 'RibbonTrail' registered.
14:19:07: *-*-* OGRE Initialising
14:19:07: *-*-* Version 1.3.0 (Eihort)
14:19:07: DirectX version: Ù+x
14:19:07: Loading library plugin\RenderSystem_Direct3D9
14:19:07: D3D9 : Direct3D9 Rendering Subsystem created.
14:19:07: D3D9: Driver Detection Starts
14:19:07: D3D9: Driver Detection Ends
14:19:07: Loading library plugin\RenderSystem_GL
14:19:07: OpenGL Rendering Subsystem created.
14:19:08: Added resource location 'resources' of type 'FileSystem' to resource group 'General'
14:19:08: Creating resource group GUI
14:19:08: Added resource location 'resources/gui.zip' of type 'Zip' to resource group 'GUI'
14:19:08: Loading library plugin\Plugin_CgProgramManager
14:19:08: Loading library plugin\Plugin_OctreeSceneManager
14:19:08: CPU Identifier & Features
14:19:08: -------------------------
14:19:08:  *   CPU ID: GenuineIntel-X86
14:19:08:  *      SSE: yes
14:19:08:  *     SSE2: yes
14:19:08:  *     SSE3: yes
14:19:08:  *      MMX: yes
14:19:08:  *   MMXEXT: yes
14:19:08:  *    3DNOW: no
14:19:08:  * 3DNOWEXT: no
14:19:08:  *     CMOV: yes
14:19:08:  *      TSC: yes
14:19:08:  *      FPU: yes
14:19:08:  *      PRO: yes
14:19:08:  *       HT: no
14:19:08: -------------------------
14:19:08: D3D9 : Subsystem Initialising
14:19:08: ***************************************
14:19:08: *** D3D9 : Subsystem Initialised OK ***
14:19:08: ***************************************
14:19:08: D3D9RenderSystem::createRenderWindow "Lisa 5.0", 800x600 windowed  miscParams: FSAA=0 colourDepth=32 renderSystem=Direct3D9 shadows=true vsync=true 
14:19:08: D3D9 : Created D3D9 Rendering Window 'Lisa 5.0' : 800x600, 32bpp
14:19:09: Registering ResourceManager for type Texture
14:19:09: Registering ResourceManager for type GpuProgram
14:19:09: D3D9: Vertex texture format supported - PF_FLOAT32_RGB
14:19:09: D3D9: Vertex texture format supported - PF_FLOAT32_RGBA
14:19:09: D3D9: Vertex texture format supported - PF_FLOAT32_R
14:19:09: RenderSystem capabilities
14:19:09: -------------------------
14:19:09:  * Hardware generation of mipmaps: yes
14:19:09:  * Texture blending: yes
14:19:09:  * Anisotropic texture filtering: yes
14:19:09:  * Dot product texture operation: yes
14:19:09:  * Cube mapping: yes
14:19:09:  * Hardware stencil buffer: yes
14:19:09:    - Stencil depth: 8
14:19:09:    - Two sided stencil support: yes
14:19:09:    - Wrap stencil values: yes
14:19:09:  * Hardware vertex / index buffers: yes
14:19:09:  * Vertex programs: yes
14:19:09:    - Max vertex program version: vs_3_0
14:19:09:  * Fragment programs: yes
14:19:09:    - Max fragment program version: ps_3_0
14:19:09:  * Texture Compression: yes
14:19:09:    - DXT: yes
14:19:09:    - VTC: no
14:19:09:  * Scissor Rectangle: yes
14:19:09:  * Hardware Occlusion Query: yes
14:19:09:  * User clip planes: yes
14:19:09:  * VET_UBYTE4 vertex element type: yes
14:19:09:  * Infinite far plane projection: yes
14:19:09:  * Hardware render-to-texture: yes
14:19:09:  * Floating point textures: yes
14:19:09:  * Non-power-of-two textures: yes
14:19:09:  * Volume textures: yes
14:19:09:  * Multiple Render Targets: 4
14:19:09:  * Point Sprites: yes
14:19:09:  * Extended point parameters: yes
14:19:09:  * Max Point Size: 8192
14:19:09:  * Vertex texture fetch: yes
14:19:09:    - Max vertex textures: 4
14:19:09:    - Vertex textures shared: no
14:19:09: ResourceBackgroundQueue - threading disabled
14:19:09: Particle Renderer Type 'billboard' registered
14:19:09: Initialising resource group General
14:19:09: Parsing scripts for resource group General
14:19:09: Parsing script archie.material
14:19:09: Finished parsing scripts for resource group General
14:19:09: Initialising resource group GUI
14:19:09: Parsing scripts for resource group GUI
14:19:09: Parsing script arrows.material
14:19:09: Parsing script nx.bodyguide.material
14:19:09: Parsing script nx.floor2.material
14:19:09: Parsing script Ogre.fontdef
14:19:09: Finished parsing scripts for resource group GUI
14:19:09: WARNING: Mesh instance 'NxOgre.ErrorCube' was defined as manually loaded, but no manual loader was provided. This Resource will be lost if it has to be reloaded.
14:19:09: Registering ResourceManager for type NxSCM
14:19:09: Parsing scripts for resource group Autodetect
14:19:09: Finished parsing scripts for resource group Autodetect
14:19:09: Parsing scripts for resource group Internal
14:19:09: Finished parsing scripts for resource group Internal
14:19:09: Mesh: Loading nx.floor2.mesh.
14:19:09: Texture: nx.floor.png: Loading 1 faces(PF_A8R8G8B8,512x512x1) with  hardware generated mipmaps from Image. Internal format is PF_A8R8G8B8,512x512x1.
14:19:09: Texture: nx.floor2.png: Loading 1 faces(PF_R8G8B8,512x512x1) with  hardware generated mipmaps from Image. Internal format is PF_X8R8G8B8,512x512x1.
14:19:09: Mesh: Loading nx.body.axis.mesh.
14:19:09: Texture: arrow1.png: Loading 1 faces(PF_A8R8G8B8,256x256x1) with  hardware generated mipmaps from Image. Internal format is PF_A8R8G8B8,256x256x1.
14:19:09: Can't assign material Mat/RustedMetal to SubEntity of nx.body.axis.entity because this Material does not exist. Have you forgotten to define it in a .material script?
14:19:09: Font Lucidausing texture size 512x512
14:19:09: Info: Freetype returned null for character 160 in font Lucida
14:19:09: Texture: LucidaTexture: Loading 1 faces(PF_BYTE_LA,512x512x1) with 0 generated mipmaps from Image. Internal format is PF_BYTE_LA,512x512x1.
14:19:09: Creating viewport on target 'Lisa 5.0', rendering from camera 'MainCamera', relative dimensions L: 0.00 T: 0.00 W: 1.00 H: 1.00 ZOrder: 0
14:19:09: Viewport for camera 'MainCamera', actual dimensions L: 0 T: 0 W: 800 H: 600
14:19:09: Mesh: Loading pelvis.mesh.
14:19:09: Mesh: Loading pelvis_motor_r.mesh.
14:19:09: Mesh: Loading trochanter_r.mesh.
14:19:09: Mesh: Loading femur_r.mesh.
14:19:10: Mesh: Loading tibia_r.mesh.
14:19:10: Mesh: Loading talus_r.mesh.
14:19:10: Mesh: Loading metatarsal_r.mesh.
14:19:10: Mesh: Loading phalangeal_r.mesh.
14:19:10: Mesh: Loading pelvis_motor_l.mesh.
14:19:10: Mesh: Loading trochanter_l.mesh.
14:19:10: Mesh: Loading femur_l.mesh.
14:19:10: Mesh: Loading tibia_l.mesh.
14:19:10: Mesh: Loading talus_l.mesh.
14:19:10: Mesh: Loading metatarsal_l.mesh.
14:19:10: Mesh: Loading phalangeal_l.mesh.
14:19:10: Scene loaded from file resources\complete.dae

14:19:10: Font nxogrefontusing texture size 512x512
14:19:10: Info: Freetype returned null for character 160 in font nxogrefont
14:19:10: Texture: nxogrefontTexture: Loading 1 faces(PF_BYTE_LA,512x512x1) with 0 generated mipmaps from Image. Internal format is PF_BYTE_LA,512x512x1.
14:19:10: Texture: spot_shadow_fade.png: Loading 1 faces(PF_R8G8B8,128x128x1) with  hardware generated mipmaps from Image. Internal format is PF_X8R8G8B8,128x128x1.
14:20:55: Removed resource location resources
14:20:55: Removed resource location resources/gui.zip
14:20:55: Clearing resource group General
14:20:55: Finished clearing resource group General
14:20:55: Clearing resource group GUI
14:20:55: Finished clearing resource group GUI
14:20:56: Render Target 'Lisa 5.0' Average FPS: 38.6571 Best FPS: 39.5257 Worst FPS: 0.614251
14:20:56: Unregistering ResourceManager for type NxSCM
14:20:56: *-*-* OGRE Shutdown
14:20:56: Unregistering ResourceManager for type Compositor
14:20:56: Unregistering ResourceManager for type Font
14:20:56: Unregistering ResourceManager for type Skeleton
14:20:56: Unregistering ResourceManager for type Mesh
14:20:56: Unregistering ResourceManager for type HighLevelGpuProgram
14:20:56: Unloading library plugin\Plugin_OctreeSceneManager
14:20:56: Unloading library plugin\Plugin_CgProgramManager
14:20:56: *** Stopping Win32GL Subsystem ***
14:20:56: Unloading library plugin\RenderSystem_GL
14:20:56: D3D9 : Shutting down cleanly.
14:20:56: Unregistering ResourceManager for type Texture
14:20:56: Unregistering ResourceManager for type GpuProgram
14:20:56: D3D9 : Direct3D9 Rendering Subsystem destroyed.
14:20:56: Unloading library plugin\RenderSystem_Direct3D9
14:20:56: Unregistering ResourceManager for type Material
